BcwS27FdgxNLHb0RdEXr1w==,2VOK8VP9W966VS4zhvDo4ahtEPgkW+2FdjGsn2XmJMYve1Oe+rKyGHF3eH+XDavE
Jl03eQUdlI48aABHAnZtvQ==,EBVDHcIAuC3FWrVvRl31dP8qCs4fEgLd+fxJJFISuJQBnC1IhCF+ccV8Wo2nbs5u
VD+YLIomiSx/ZEo6fh6xgw==,yITuaaxPF4kTUd6cwqaGN2pWtuQx7CuAH50p0bePoHN769uiFWpBmCeJ09hp4jQg
KnkNNb2oYKJKy17J/cQ3yA==,YSd9pXtiRSQQ5zAGiBFdC47lFFd5N1OXIXM6hqU53ZiFT3LmbszCNCimEmUlHHnq
ASB8aLvsM+0s8U7u90jO2g==,JdPqRYeU/ia1WMzJHnD/nl8BNeNEAU9+8/5HH++FNP4ZYdvW0JNWP6jEchJjmgGT
nUdYlzleqE/vwt45iYRXjg==,u6FsDvK8gr7bIiqKX8bBZXVnukl/SCr2eBAByr41mKoAWgnZyYz1BDefo4uSePaO
5TNEBWU+mRwvfOaEyO0ilg==,kHYmQvpQGeIK+396pDh/CKqCMuTqcpccJuPdbo/BqPy7UMGJMt7tJ8QjYbP7B78O
Sod7YuG+cDlTNb5VknCvzw==,LDYbBO8eetGUfRjiWD+b7UC2F7ta7lVgK4UT+icAHHjkijzbikYo1+Tv1Zv8Xmv0
+Q0BruxDQiD2rnQe4Z6X0g==,KMg79k6NjnIRaDksO5e2rIt6Jr4qrravDF+OrNFwrMp8nk16V1DtOUtO4MrOO2Io
RAGtVgVl1HxpOpK/hwVkEg==,s94ZK9yLi+aJnMqMYq1y5e8YF5NzfCN20QfdquqEz1JFiEC/NGJ3WbWUedtRtk7A
7uTbOJvnjcU/61C1ZPCS3g==,xavtFu9i1/L1UZSDsW6NRNbfv08QyyiEBLW5MtqX4oF+ayihTZyYpJvji0gu+fxM
JqyIbJuTEoXJ5/vN2q54Lw==,DJh0dKR2fbX7Q5cB4ri1WCEiP41reH16cLPyUbXpOkdITVOh8MZr3UcJ9Xu6yR4O
8LCp1ttBg+ya/0QzZSDpmg==,StghiWqNNC/KHMjDgFieXuGoPXkFvySI6JC4ZcvwFYMUm7wiWjJjts+pYkPdMCuM
xbOx8F97g+Z+hruYnaekZA==,IH7p5UklDjrbZrsMd+n4F7qoy0rye9B/OnrJXQ3R71jEYqLUXKlDaFPaxo4VZw2j
/TIKY6P7Fkz6Fo+KT4FZag==,VBnfg9mcrs28GzUZPB8Q4cDfDvqSt0+WjhttvowyTiisswm5se4dyyOj0DMys9Dn
IHAgXoMq3Y5S83JA1P8ccQ==,vYh5Bp2YWHXE8S/9GMrXDTf4+4/oS/Nn+6MJB0Ygmcr/Qb/oq8nRQlSuWvdlUbCD
0O0cmtpCLVHPk0fZdJsDtw==,JWSSmJcWwObbGhzWboch/WqqkdolleHNW1w1sf7Lc7+7tR1zeD0NKjlk5ugSmOaC
U8wN14SorV/RcQFLzG4jUg==,rvxrYCrOJtY1OkPxTS7mmEa7k3tm71niL8Xjb+vJuqFhmTZRIE3Dv4/MBqSuR7Rv
1afVE0EJqMb6mtmSX1wm5Q==,Q9nsl4Ux3WUtUHmGSE1JMs/ESLXNBfNuBR7vHnLGUQT/ep9OCp20mSEmsFc3yjBl
kNRzwssxxMwVIrPWeVysBg==,0+JcVP+J1TZMSJyFct1yZovZpEvRjbPahg+v+HWR+i7+shTLz8UMK6FUS4MUEaqI
Sv1hVcqwcs8kZo5B7AIb/g==,lJUUmbVApCZgA8kiCgjBfOPQoxcrGbjBbb1GhwRV8Z+yUqgfOBuLoTuQEpGaFaPy
/6SWYk5dmtY7OTWNmQryCQ==,18jzasvVW2fLAepCDCtm/xO48Wm/B0wpMMr/eQefnAVR4GzkUc9oZ0gTDEzy3in4
GzhDvdAWr8kXWYkelRsRaw==,Wlkw4BpwCN19ghMH8Fi+ieErqwQY69Bl8JUreNpDccfU2n0qoMiTsQ7SLtPHWp2+
cmRzKZp9yieVLm8JWCVJfQ==,0IWabfRyyaxpaRSuXRdGKBJL1kVklmxu4dJRaM5ChKgiUdQMlmUwFJ+rEciBT5Sj
Fqvg1C4Ky99b6PXlXjrYKw==,nPSflRpCzMblOSPLUrB8WDYJj+h6As5KkfETbzJFwFU7OL+L9tG3MDe0orRmUVg/
u0irfxlq2ADeHBK3sYJAtw==,rW87tn/3UtTBbMArZdXLZmu+70Hif5GtfPNazLwzkGDAACHC96/sMCr74kmXbZGj
WoellXXV0nkEwJTIOcRqAQ==,5ibAbYJyrj4/L8iMMMrletVrc1c4yeNStC4rx+BcMVSCV5WjykNG912GDxnhSPAU
F1I8UxaoXE0vPcIHlsEXQA==,4AncP0Jat7VpJ3NRwc/DGLE2bg37RDAv+He/HcQCoFDHmFD7KMaby1isT4dEzr4V
srVbs4ClpWz1EqizfSKuUw==,82hRRnzmmqNdlGGe+BJkbVKxeJpEjdF//jKcf4DjHauaE261INvSJ6qW99qxBjBM
8b3n1Pqg+YJESuvIELFD0Q==,72z9PSbIpthrwrDI9HI4dF/7EBEEQcV+G8b4bc9oa2Det65d1jShlee7s94fSE5P
nLKUGVfRfEaZgYknfKFl6g==,SMnpeTm+PVvKm9OQUWYIRnMLOPGQ4qe7EN1cBYZ+0CFoWorkHn5Ru6fBgtEhusG+
Co+xG/DIfQ2gRLaf6BMWaw==,nlZ9c1iymspqmaKD0BbPlow7TEitDS3d5gR9Ff6Pb7+Pg2wLIv7l13erQyZNX3NO
